{"name": "test_login", "status": "failed", "statusDetails": {"message": "AssertionError: assert 'Fool' in 'Security Verification | LinkedIn'", "trace": "event = <utilities.testFrame.InitPages object at 0x7f2017bdf4e0>, screenshot_on_failure = None\n\n    @allure.feature('Login page')\n    @allure.story('The first step')\n    def test_login(event, screenshot_on_failure):\n        event.linked.type_login(user['email'])\n        print(\"Locating and fill in username\")\n    \n        event.linked.type_pass(user['password'])\n        print(\"Locating and fill in password form...\")\n    \n        event.linked.press_button_signin()\n    \n        # get title of the page\n        expected_title = 'Fool' # 'Security Verification'\n        actual_title = event.linked.title\n        print(f'It is expected a part of page title to be \"{expected_title}\".'\n              f'The actual title is \"{actual_title}\"')\n    \n        # try:\n>       assert expected_title in actual_title\nE       AssertionError: assert 'Fool' in 'Security Verification | LinkedIn'\n\nTests/test_linkedin_tmp_boris.py:24: AssertionError"}, "attachments": [{"name": "stdout", "source": "2a83b29f-c2cc-4566-be9b-4e17af95f18a-attachment.txt", "type": "text/plain"}], "start": 1577042195502, "stop": 1577042205979, "uuid": "71e05d26-8c60-4b64-87df-df4e140f4d4c", "historyId": "87763ec63ab500e5fe44ce62cc5bf692", "testCaseId": "58d63538b9d8f13894b64b9e86459787", "fullName": "Tests.test_linkedin_tmp_boris#test_login", "labels": [{"name": "story", "value": "The first step"}, {"name": "feature", "value": "Login page"}, {"name": "parentSuite", "value": "Tests"}, {"name": "suite", "value": "test_linkedin_tmp_boris"}, {"name": "host", "value": "Castle"}, {"name": "thread", "value": "31803-MainThread"}, {"name": "framework", "value": "pytest"}, {"name": "language", "value": "cpython3"}, {"name": "package", "value": "Tests.test_linkedin_tmp_boris"}]}