{"name": "test_search_event", "status": "failed", "statusDetails": {"message": "AssertionError: assert 'Christmas' == 'test'\n  - Christmas\n  + test", "trace": "app = <utilities.testFrame.InitPagesDriver object at 0x045E9250>\n\n    @allure.feature('Search field')\n    @allure.story(\"Search EVENT\")\n    @allure.severity(allure.severity_level.CRITICAL)\n    def test_search_event(app):\n        app.signin.enter_actor( admin['email'], admin['password'] )\n        app.search.open_filter()\n        app.search.enter_date_from('12/19/19')\n        app.search.enter_date_to('12/20/19')\n        #self.exec.search.click_to_categories()\n        app.search.click_button_search()\n>       assert (app.search.check_name_event() == \"test\")\nE       AssertionError: assert 'Christmas' == 'test'\nE         - Christmas\nE         + test\n\ntest_SearchPanelFilter.py:17: AssertionError"}, "attachments": [{"name": "stdout", "source": "d4529345-47f6-4df1-8c0c-0cd5dae612d1-attachment.txt", "type": "text/plain"}], "start": 1577194991958, "stop": 1577195001158, "uuid": "887ddde9-b3e2-4d37-a04e-56df66ff86b9", "historyId": "600f004b1c6d0119cbad3eb2cf1f5b18", "testCaseId": "621b03acd5aa9d8a78266e5f53c71050", "fullName": "Tests.test_SearchPanelFilter#test_search_event", "labels": [{"name": "severity", "value": "critical"}, {"name": "feature", "value": "Search field"}, {"name": "story", "value": "Search EVENT"}, {"name": "parentSuite", "value": "Tests"}, {"name": "suite", "value": "test_SearchPanelFilter"}, {"name": "host", "value": "DESKTOP-R2070AB"}, {"name": "thread", "value": "4632-MainThread"}, {"name": "framework", "value": "pytest"}, {"name": "language", "value": "cpython3"}, {"name": "package", "value": "Tests.test_SearchPanelFilter"}]}