{"name": "test_authorization[data1]", "status": "failed", "statusDetails": {"message": "AssertionError: assert None\n +  where None = <bound method BaseSetup.check_if_element_exists of <Base.base.BaseSetup object at 0x000002105ADBE688>>(('css selector', 'nav ul.list-unstyled .sidebar-header:nth-child(2)'))\n +    where <bound method BaseSetup.check_if_element_exists of <Base.base.BaseSetup object at 0x000002105ADBE688>> = <Base.base.BaseSetup object at 0x000002105ADBE688>.check_if_element_exists\n +      where <Base.base.BaseSetup object at 0x000002105ADBE688> = <utilities.testFrame.InitPages object at 0x000002105AD795C8>.base\n +    and   ('css selector', 'nav ul.list-unstyled .sidebar-header:nth-child(2)') = locator.PROFILE", "trace": "app = <utilities.testFrame.InitPages object at 0x000002105AD795C8>, data = ['admin1@gmail.com', '1qaz1qaz'], screenshot_on_failure = None\n\n    @allure.link(\"http://localhost:49862/home/events?page=1\", name='Click me')\n    @allure.feature('Login User')\n    @allure.story('\"Actors\" login to site EventExpress ')\n    @allure.severity(allure.severity_level.CRITICAL)\n    @pytest.mark.parametrize('data', credentials())\n    def test_authorization(app, data, screenshot_on_failure):\n        app.auth.click_on_login_button()\n        app.auth.clean_login_field( )\n        app.auth.type_login(data[0])\n        app.auth.clean_password_field( )\n        app.auth.type_pass(data[1])\n        app.auth.press_button_signin()\n>       assert app.base.check_if_element_exists( locator.PROFILE )\nE       AssertionError: assert None\nE        +  where None = <bound method BaseSetup.check_if_element_exists of <Base.base.BaseSetup object at 0x000002105ADBE688>>(('css selector', 'nav ul.list-unstyled .sidebar-header:nth-child(2)'))\nE        +    where <bound method BaseSetup.check_if_element_exists of <Base.base.BaseSetup object at 0x000002105ADBE688>> = <Base.base.BaseSetup object at 0x000002105ADBE688>.check_if_element_exists\nE        +      where <Base.base.BaseSetup object at 0x000002105ADBE688> = <utilities.testFrame.InitPages object at 0x000002105AD795C8>.base\nE        +    and   ('css selector', 'nav ul.list-unstyled .sidebar-header:nth-child(2)') = locator.PROFILE\n\ntest_auth.py:25: AssertionError"}, "attachments": [{"name": "stdout", "source": "7677615a-ce30-42b5-8595-fa4bd20fba3a-attachment.txt", "type": "text/plain"}], "parameters": [{"name": "data", "value": "['admin1@gmail.com', '1qaz1qaz']"}], "start": 1577130269383, "stop": 1577130281682, "uuid": "cfd108f2-fd7f-40d2-8efa-1ea1e51bdc99", "historyId": "307b3e81a3c9742e74203e6924c08bb2", "testCaseId": "2a55ae64119e6f3ed897e368050f6f6b", "fullName": "Tests.test_auth#test_authorization", "labels": [{"name": "story", "value": "\"Actors\" login to site EventExpress "}, {"name": "feature", "value": "Login User"}, {"name": "severity", "value": "critical"}, {"name": "parentSuite", "value": "Tests"}, {"name": "suite", "value": "test_auth"}, {"name": "host", "value": "DESKTOP-Tarik"}, {"name": "thread", "value": "7804-MainThread"}, {"name": "framework", "value": "pytest"}, {"name": "language", "value": "cpython3"}, {"name": "package", "value": "Tests.test_auth"}], "links": [{"type": "link", "url": "http://localhost:49862/home/events?page=1", "name": "Click me"}]}